Please install apex for mixed precision training from: https://github.com/NVIDIA/apex
Running on: cuda
Feature extractor: resnet18
Pre-trained weights not found. Training from scratch.
saved
saved
saved
saved
saved
saved
saved
saved
saved
saved
saved
saved
saved
saved
saved
saved
saved
saved
saved
saved
saved
saved
saved
saved
saved
saved
saved
saved
saved
saved
saved
saved
saved
saved
saved
saved
saved
saved
saved
saved
saved
saved
saved
saved
saved
saved
saved
saved
saved
saved
saved
saved
saved
saved
saved
saved
